<?xml version="1.0" encoding="UTF-8"?>
<testsuite xmlns:xsi="http://www.w3.org/2001/XMLSchema-instance" xsi:noNamespaceSchemaLocation="https://maven.apache.org/surefire/maven-surefire-plugin/xsd/surefire-test-report.xsd" name="TestSuite" time="25.792" tests="5" errors="0" skipped="0" failures="0">
  <properties>
[...]
</properties>
  <testcase name="getAllNumbers" classname="com.plivo.testcases.EndToEndTestScenario" time="4.764"/>
  <testcase name="postMessage" classname="com.plivo.testcases.EndToEndTestScenario" time="2.167"/>
  <testcase name="getMessageDetails" classname="com.plivo.testcases.EndToEndTestScenario" time="2.201"/>
  <testcase name="getPricing" classname="com.plivo.testcases.EndToEndTestScenario" time="2.889"/>
  <testcase name="accountdetails" classname="com.plivo.testcases.EndToEndTestScenario" time="2.584"/>
</testsuite>